<?xml version="1.0" encoding="UTF-8"?>
<testng-results skipped="0" failed="0" ignored="0" total="2" passed="2">
  <reporter-output>
  </reporter-output>
  <suite name="Suite" duration-ms="28962" started-at="2021-08-19T12:48:43Z" finished-at="2021-08-19T12:49:12Z">
    <groups>
    </groups>
    <test name="Test" duration-ms="28962" started-at="2021-08-19T12:48:43Z" finished-at="2021-08-19T12:49:12Z">
      <class name="script.InValidLogin">
        <test-method status="PASS" signature="openApp()[pri:0, instance:script.InValidLogin@11a9e7c8]" name="openApp" is-config="true" duration-ms="10628" started-at="2021-08-19T12:48:59Z" finished-at="2021-08-19T12:49:10Z">
          <reporter-output>
          </reporter-output>
        </test-method> <!-- openApp -->
        <test-method status="PASS" signature="testInValidLogin()[pri:2, instance:script.InValidLogin@11a9e7c8]" name="testInValidLogin" duration-ms="1992" started-at="2021-08-19T12:49:10Z" finished-at="2021-08-19T12:49:12Z">
          <reporter-output>
          </reporter-output>
        </test-method> <!-- testInValidLogin -->
        <test-method status="PASS" signature="closeApp()[pri:0, instance:script.InValidLogin@11a9e7c8]" name="closeApp" is-config="true" duration-ms="85" started-at="2021-08-19T12:49:12Z" finished-at="2021-08-19T12:49:12Z">
          <reporter-output>
          </reporter-output>
        </test-method> <!-- closeApp -->
      </class> <!-- script.InValidLogin -->
      <class name="script.ValidLogin">
        <test-method status="PASS" signature="openApp()[pri:0, instance:script.ValidLogin@3b07a0d6]" name="openApp" is-config="true" duration-ms="9461" started-at="2021-08-19T12:48:43Z" finished-at="2021-08-19T12:48:52Z">
          <reporter-output>
          </reporter-output>
        </test-method> <!-- openApp -->
        <test-method status="PASS" signature="testValidLogin()[pri:1, instance:script.ValidLogin@3b07a0d6]" name="testValidLogin" duration-ms="6679" started-at="2021-08-19T12:48:52Z" finished-at="2021-08-19T12:48:59Z">
          <reporter-output>
          </reporter-output>
        </test-method> <!-- testValidLogin -->
        <test-method status="PASS" signature="closeApp()[pri:0, instance:script.ValidLogin@3b07a0d6]" name="closeApp" is-config="true" duration-ms="95" started-at="2021-08-19T12:48:59Z" finished-at="2021-08-19T12:48:59Z">
          <reporter-output>
          </reporter-output>
        </test-method> <!-- closeApp -->
      </class> <!-- script.ValidLogin -->
    </test> <!-- Test -->
  </suite> <!-- Suite -->
</testng-results>
